<?xml version="1.0" encoding="UTF-8"?>
<!-- Generated by org.testng.reporters.JUnitReportReporter -->
<testsuite hostname="DESKTOP-07C3HRB" name="com.actitime.scripts.LoginTest" tests="1" failures="0" timestamp="14 Aug 2017 06:31:39 GMT" time="52.294" errors="0">
  <testcase name="loginTest" time="52.294" classname="com.actitime.scripts.LoginTest"/>
</testsuite> <!-- com.actitime.scripts.LoginTest -->
